c:\users\yahav\documents\student\שנה ב\מבוא לתכנות מערכות\home work\שיעורי בית 4\hw4(9)\x64\debug\vc143.pdb
c:\users\yahav\documents\student\שנה ב\מבוא לתכנות מערכות\home work\שיעורי בית 4\hw4(9)\x64\debug\vc143.idb
c:\users\yahav\documents\student\שנה ב\מבוא לתכנות מערכות\home work\שיעורי בית 4\hw4(9)\x64\debug\supermarket.obj
c:\users\yahav\documents\student\שנה ב\מבוא לתכנות מערכות\home work\שיעורי בית 4\hw4(9)\x64\debug\superfile.obj
c:\users\yahav\documents\student\שנה ב\מבוא לתכנות מערכות\home work\שיעורי בית 4\hw4(9)\x64\debug\shoppingitem.obj
c:\users\yahav\documents\student\שנה ב\מבוא לתכנות מערכות\home work\שיעורי בית 4\hw4(9)\x64\debug\shoppingcart.obj
c:\users\yahav\documents\student\שנה ב\מבוא לתכנות מערכות\home work\שיעורי בית 4\hw4(9)\x64\debug\product.obj
c:\users\yahav\documents\student\שנה ב\מבוא לתכנות מערכות\home work\שיעורי בית 4\hw4(9)\x64\debug\main.obj
c:\users\yahav\documents\student\שנה ב\מבוא לתכנות מערכות\home work\שיעורי בית 4\hw4(9)\x64\debug\generallist.obj
c:\users\yahav\documents\student\שנה ב\מבוא לתכנות מערכות\home work\שיעורי בית 4\hw4(9)\x64\debug\general.obj
c:\users\yahav\documents\student\שנה ב\מבוא לתכנות מערכות\home work\שיעורי בית 4\hw4(9)\x64\debug\filehelper.obj
c:\users\yahav\documents\student\שנה ב\מבוא לתכנות מערכות\home work\שיעורי בית 4\hw4(9)\x64\debug\customer.obj
c:\users\yahav\documents\student\שנה ב\מבוא לתכנות מערכות\home work\שיעורי בית 4\hw4(9)\x64\debug\address.obj
c:\users\yahav\documents\student\שנה ב\מבוא לתכנות מערכות\home work\שיעורי בית 4\hw4(9)\x64\debug\hw3.exe
c:\users\yahav\documents\student\שנה ב\מבוא לתכנות מערכות\home work\שיעורי בית 4\hw4(9)\x64\debug\hw3.ilk
c:\users\yahav\documents\student\שנה ב\מבוא לתכנות מערכות\home work\שיעורי בית 4\hw4(9)\x64\debug\hw3.pdb
c:\users\yahav\documents\student\שנה ב\מבוא לתכנות מערכות\home work\שיעורי בית 4\hw4(9)\x64\debug\hw3.tlog\cl.command.1.tlog
c:\users\yahav\documents\student\שנה ב\מבוא לתכנות מערכות\home work\שיעורי בית 4\hw4(9)\x64\debug\hw3.tlog\cl.read.1.tlog
c:\users\yahav\documents\student\שנה ב\מבוא לתכנות מערכות\home work\שיעורי בית 4\hw4(9)\x64\debug\hw3.tlog\cl.write.1.tlog
c:\users\yahav\documents\student\שנה ב\מבוא לתכנות מערכות\home work\שיעורי בית 4\hw4(9)\x64\debug\hw3.tlog\link.command.1.tlog
c:\users\yahav\documents\student\שנה ב\מבוא לתכנות מערכות\home work\שיעורי בית 4\hw4(9)\x64\debug\hw3.tlog\link.read.1.tlog
c:\users\yahav\documents\student\שנה ב\מבוא לתכנות מערכות\home work\שיעורי בית 4\hw4(9)\x64\debug\hw3.tlog\link.write.1.tlog
